2016/10/25 23:42:21 [trace] [jobs] **********************************************************************
2016/10/25 23:42:21 [trace] [jobs] <strong>STARTING DRAFT CREATION NUMBER 1</strong>
2016/10/25 23:42:23 [trace] [jobs] CHOOSING TYPE
2016/10/25 23:42:24 [trace] [jobs] CHOOSING CAT
2016/10/25 23:42:26 [trace] [jobs] CREATING DRAFT OR CHOOSING SUBAREA
2016/10/25 23:42:27 [trace] [jobs] CREATING DRAFT WAIT
2016/10/25 23:42:29 [trace] [jobs] EDITING IMAGE OF DRAFT
2016/10/25 23:42:30 [trace] [jobs] PUBLISHING DRAFT NOW WAIT
2016/10/25 23:42:35 [trace] [jobs] **********************************************************************
2016/10/25 23:42:35 [trace] [jobs] <strong>STARTING DRAFT CREATION NUMBER 2</strong>
2016/10/25 23:42:37 [trace] [jobs] CHOOSING TYPE
2016/10/25 23:42:38 [trace] [jobs] CHOOSING CAT
2016/10/25 23:42:40 [trace] [jobs] CREATING DRAFT OR CHOOSING SUBAREA
2016/10/25 23:42:41 [trace] [jobs] CHOOSING SUBAREA
2016/10/25 23:42:42 [trace] [jobs] CREATING DRAFT WAIT
2016/10/25 23:42:44 [trace] [jobs] EDITING IMAGE OF DRAFT
2016/10/25 23:42:46 [trace] [jobs] PUBLISHING DRAFT NOW WAIT
2016/10/25 23:42:50 [trace] [jobs] **********************************************************************
2016/10/25 23:42:50 [trace] [jobs] <strong>STARTING DRAFT CREATION NUMBER 3</strong>
2016/10/25 23:42:52 [trace] [jobs] CHOOSING TYPE
2016/10/25 23:42:53 [trace] [jobs] CHOOSING CAT
2016/10/25 23:42:55 [trace] [jobs] CREATING DRAFT OR CHOOSING SUBAREA
2016/10/25 23:42:56 [trace] [jobs] CHOOSING SUBAREA
2016/10/25 23:42:57 [trace] [jobs] CREATING DRAFT WAIT
2016/10/25 23:42:59 [trace] [jobs] EDITING IMAGE OF DRAFT
2016/10/25 23:43:01 [trace] [jobs] PUBLISHING DRAFT NOW WAIT
2016/10/25 23:43:05 [trace] [jobs] **********************************************************************
2016/10/25 23:43:05 [trace] [jobs] <strong>STARTING DRAFT CREATION NUMBER 4</strong>
2016/10/25 23:43:07 [trace] [jobs] CHOOSING TYPE
2016/10/25 23:43:08 [trace] [jobs] CHOOSING CAT
2016/10/25 23:43:10 [trace] [jobs] CREATING DRAFT OR CHOOSING SUBAREA
2016/10/25 23:43:11 [trace] [jobs] CREATING DRAFT WAIT
2016/10/25 23:43:13 [trace] [jobs] EDITING IMAGE OF DRAFT
2016/10/25 23:43:14 [trace] [jobs] PUBLISHING DRAFT NOW WAIT
2016/10/25 23:43:19 [trace] [jobs] **********************************************************************
2016/10/25 23:43:19 [trace] [jobs] <strong>STARTING DRAFT CREATION NUMBER 5</strong>
2016/10/25 23:43:21 [trace] [jobs] CHOOSING TYPE
2016/10/25 23:43:22 [trace] [jobs] CHOOSING CAT
2016/10/25 23:43:24 [trace] [jobs] CREATING DRAFT OR CHOOSING SUBAREA
2016/10/25 23:43:25 [trace] [jobs] CREATING DRAFT WAIT
2016/10/25 23:43:27 [trace] [jobs] EDITING IMAGE OF DRAFT
2016/10/25 23:43:28 [trace] [jobs] PUBLISHING DRAFT NOW WAIT
2016/10/25 23:43:32 [trace] [jobs] **********************************************************************
2016/10/25 23:43:32 [trace] [jobs] <strong>STARTING DRAFT CREATION NUMBER 6</strong>
2016/10/25 23:43:34 [trace] [jobs] CHOOSING TYPE
2016/10/25 23:43:35 [trace] [jobs] CHOOSING CAT
2016/10/25 23:43:37 [trace] [jobs] CREATING DRAFT OR CHOOSING SUBAREA
2016/10/25 23:43:38 [trace] [jobs] CREATING DRAFT WAIT
2016/10/25 23:43:40 [trace] [jobs] EDITING IMAGE OF DRAFT
2016/10/25 23:43:41 [trace] [jobs] PUBLISHING DRAFT NOW WAIT
2016/10/25 23:43:46 [trace] [jobs] **********************************************************************
2016/10/25 23:43:46 [trace] [jobs] <strong>STARTING DRAFT CREATION NUMBER 7</strong>
2016/10/25 23:43:48 [trace] [jobs] CHOOSING TYPE
2016/10/25 23:43:49 [trace] [jobs] CHOOSING CAT
2016/10/25 23:43:50 [trace] [jobs] CREATING DRAFT OR CHOOSING SUBAREA
2016/10/25 23:43:52 [trace] [jobs] CREATING DRAFT WAIT
2016/10/25 23:43:54 [trace] [jobs] EDITING IMAGE OF DRAFT
2016/10/25 23:43:55 [trace] [jobs] PUBLISHING DRAFT NOW WAIT
